2025-10-09 15:36:57,676 INFO Check 1/10 | cpu=10.0% mem=79.0% disk=61.3% procs=162
2025-10-09 15:36:58,677 INFO Check 2/10 | cpu=23.6% mem=48.8% disk=65.5% procs=139
2025-10-09 15:36:59,677 INFO Check 3/10 | cpu=94.4% mem=41.0% disk=91.8% procs=599
2025-10-09 15:36:59,678 WARNING ALERT: CPU 94.4% > 80.0% | DISK 91.8% > 90.0% | PROCS 599 > 500
2025-10-09 15:37:00,678 INFO Check 4/10 | cpu=12.1% mem=79.7% disk=34.8% procs=558
2025-10-09 15:37:00,678 WARNING ALERT: PROCS 558 > 500
2025-10-09 15:37:01,678 INFO Check 5/10 | cpu=93.1% mem=63.1% disk=84.3% procs=58
2025-10-09 15:37:01,679 WARNING ALERT: CPU 93.1% > 80.0%
2025-10-09 15:37:02,679 INFO Check 6/10 | cpu=80.7% mem=30.6% disk=80.3% procs=151
2025-10-09 15:37:02,679 WARNING ALERT: CPU 80.7% > 80.0%
2025-10-09 15:37:03,680 INFO Check 7/10 | cpu=92.9% mem=84.1% disk=43.2% procs=155
2025-10-09 15:37:03,680 WARNING ALERT: CPU 92.9% > 80.0%
2025-10-09 15:37:04,680 INFO Check 8/10 | cpu=83.2% mem=90.5% disk=56.4% procs=143
2025-10-09 15:37:04,680 WARNING ALERT: CPU 83.2% > 80.0% | MEM 90.5% > 85.0%
2025-10-09 15:37:05,681 INFO Check 9/10 | cpu=49.0% mem=57.4% disk=71.8% procs=189
2025-10-09 15:37:06,681 INFO Check 10/10 | cpu=93.7% mem=55.9% disk=44.6% procs=188
2025-10-09 15:37:06,681 WARNING ALERT: CPU 93.7% > 80.0%
2025-10-10 18:18:38,024 INFO Check 1/10 | cpu=28.5% mem=92.3% disk=33.6% procs=77
2025-10-10 18:18:38,024 WARNING ALERT: MEM 92.3% > 85.0%
2025-10-10 18:18:39,024 INFO Check 2/10 | cpu=90.1% mem=79.1% disk=73.6% procs=390
2025-10-10 18:18:39,025 WARNING ALERT: CPU 90.1% > 80.0%
2025-10-10 18:18:40,026 INFO Check 3/10 | cpu=95.1% mem=62.9% disk=88.7% procs=731
2025-10-10 18:18:40,026 WARNING ALERT: CPU 95.1% > 80.0% | PROCS 731 > 500
2025-10-10 18:18:41,026 INFO Check 4/10 | cpu=82.6% mem=91.4% disk=94.9% procs=197
2025-10-10 18:18:41,027 WARNING ALERT: CPU 82.6% > 80.0% | MEM 91.4% > 85.0% | DISK 94.9% > 90.0%
2025-10-10 18:18:42,027 INFO Check 5/10 | cpu=86.2% mem=76.4% disk=85.3% procs=81
2025-10-10 18:18:42,028 WARNING ALERT: CPU 86.2% > 80.0%
2025-10-10 18:18:43,028 INFO Check 6/10 | cpu=93.2% mem=87.9% disk=84.2% procs=52
2025-10-10 18:18:43,028 WARNING ALERT: CPU 93.2% > 80.0% | MEM 87.9% > 85.0%
2025-10-10 18:18:44,029 INFO Check 7/10 | cpu=91.4% mem=86.9% disk=61.6% procs=85
2025-10-10 18:18:44,029 WARNING ALERT: CPU 91.4% > 80.0% | MEM 86.9% > 85.0%
2025-10-10 18:18:45,030 INFO Check 8/10 | cpu=22.5% mem=51.0% disk=93.1% procs=193
2025-10-10 18:18:45,030 WARNING ALERT: DISK 93.1% > 90.0%
2025-10-10 18:18:46,031 INFO Check 9/10 | cpu=39.1% mem=84.1% disk=40.2% procs=389
2025-10-10 18:18:47,031 INFO Check 10/10 | cpu=40.2% mem=84.4% disk=38.9% procs=80
